Analysis & Synthesis report for coin_catcher_game
Sat Jan 03 15:35:17 2026
Quartus Prime Version 18.1.0 Build 625 09/12/2018 SJ Lite Edition


---------------------
; Table of Contents ;
---------------------
  1. Legal Notice
  2. Analysis & Synthesis Summary
  3. Analysis & Synthesis Settings
  4. Parallel Compilation
  5. Analysis & Synthesis Source Files Read
  6. Analysis & Synthesis Resource Usage Summary
  7. Analysis & Synthesis Resource Utilization by Entity
  8. General Register Statistics
  9. Inverted Register Statistics
 10. Multiplexer Restructuring Statistics (Restructuring Performed)
 11. Parameter Settings for Inferred Entity Instance: lpm_divide:Mod0
 12. Parameter Settings for Inferred Entity Instance: lpm_divide:Div0
 13. Parameter Settings for Inferred Entity Instance: lpm_divide:Mod1
 14. Parameter Settings for Inferred Entity Instance: lpm_divide:Div1
 15. Port Connectivity Checks: "seg_decoder:Hex5"
 16. Port Connectivity Checks: "seg_decoder:Hex4"
 17. Port Connectivity Checks: "seg_decoder:Hex1"
 18. Port Connectivity Checks: "seg_decoder:Hex0"
 19. Post-Synthesis Netlist Statistics for Top Partition
 20. Elapsed Time Per Partition
 21. Analysis & Synthesis Messages
 22. Analysis & Synthesis Suppressed Messages



----------------
; Legal Notice ;
----------------
Copyright (C) 2018  Intel Corporation. All rights reserved.
Your use of Intel Corporation's design tools, logic functions 
and other software and tools, and its AMPP partner logic 
functions, and any output files from any of the foregoing 
(including device programming or simulation files), and any 
associated documentation or information are expressly subject 
to the terms and conditions of the Intel Program License 
Subscription Agreement, the Intel Quartus Prime License Agreement,
the Intel FPGA IP License Agreement, or other applicable license
agreement, including, without limitation, that your use is for
the sole purpose of programming logic devices manufactured by
Intel and sold by Intel or its authorized distributors.  Please
refer to the applicable agreement for further details.



+----------------------------------------------------------------------------------+
; Analysis & Synthesis Summary                                                     ;
+------------------------------------+---------------------------------------------+
; Analysis & Synthesis Status        ; Successful - Sat Jan 03 15:35:17 2026       ;
; Quartus Prime Version              ; 18.1.0 Build 625 09/12/2018 SJ Lite Edition ;
; Revision Name                      ; coin_catcher_game                           ;
; Top-level Entity Name              ; coin_catcher_game                           ;
; Family                             ; MAX 10                                      ;
; Total logic elements               ; 525                                         ;
;     Total combinational functions  ; 508                                         ;
;     Dedicated logic registers      ; 181                                         ;
; Total registers                    ; 181                                         ;
; Total pins                         ; 70                                          ;
; Total virtual pins                 ; 0                                           ;
; Total memory bits                  ; 0                                           ;
; Embedded Multiplier 9-bit elements ; 0                                           ;
; Total PLLs                         ; 0                                           ;
; UFM blocks                         ; 0                                           ;
; ADC blocks                         ; 0                                           ;
+------------------------------------+---------------------------------------------+


+------------------------------------------------------------------------------------------------------------+
; Analysis & Synthesis Settings                                                                              ;
+------------------------------------------------------------------+--------------------+--------------------+
; Option                                                           ; Setting            ; Default Value      ;
+------------------------------------------------------------------+--------------------+--------------------+
; Device                                                           ; 10M50DAF484C7G     ;                    ;
; Top-level entity name                                            ; coin_catcher_game  ; coin_catcher_game  ;
; Family name                                                      ; MAX 10             ; Cyclone V          ;
; Use smart compilation                                            ; Off                ; Off                ;
; Enable parallel Assembler and Timing Analyzer during compilation ; On                 ; On                 ;
; Enable compact report table                                      ; Off                ; Off                ;
; Restructure Multiplexers                                         ; Auto               ; Auto               ;
; Create Debugging Nodes for IP Cores                              ; Off                ; Off                ;
; Preserve fewer node names                                        ; On                 ; On                 ;
; Intel FPGA IP Evaluation Mode                                    ; Enable             ; Enable             ;
; Verilog Version                                                  ; Verilog_2001       ; Verilog_2001       ;
; VHDL Version                                                     ; VHDL_1993          ; VHDL_1993          ;
; State Machine Processing                                         ; Auto               ; Auto               ;
; Safe State Machine                                               ; Off                ; Off                ;
; Extract Verilog State Machines                                   ; On                 ; On                 ;
; Extract VHDL State Machines                                      ; On                 ; On                 ;
; Ignore Verilog initial constructs                                ; Off                ; Off                ;
; Iteration limit for constant Verilog loops                       ; 5000               ; 5000               ;
; Iteration limit for non-constant Verilog loops                   ; 250                ; 250                ;
; Add Pass-Through Logic to Inferred RAMs                          ; On                 ; On                 ;
; Infer RAMs from Raw Logic                                        ; On                 ; On                 ;
; Parallel Synthesis                                               ; On                 ; On                 ;
; DSP Block Balancing                                              ; Auto               ; Auto               ;
; NOT Gate Push-Back                                               ; On                 ; On                 ;
; Power-Up Don't Care                                              ; On                 ; On                 ;
; Remove Redundant Logic Cells                                     ; Off                ; Off                ;
; Remove Duplicate Registers                                       ; On                 ; On                 ;
; Ignore CARRY Buffers                                             ; Off                ; Off                ;
; Ignore CASCADE Buffers                                           ; Off                ; Off                ;
; Ignore GLOBAL Buffers                                            ; Off                ; Off                ;
; Ignore ROW GLOBAL Buffers                                        ; Off                ; Off                ;
; Ignore LCELL Buffers                                             ; Off                ; Off                ;
; Ignore SOFT Buffers                                              ; On                 ; On                 ;
; Limit AHDL Integers to 32 Bits                                   ; Off                ; Off                ;
; Optimization Technique                                           ; Balanced           ; Balanced           ;
; Carry Chain Length                                               ; 70                 ; 70                 ;
; Auto Carry Chains                                                ; On                 ; On                 ;
; Auto Open-Drain Pins                                             ; On                 ; On                 ;
; Perform WYSIWYG Primitive Resynthesis                            ; Off                ; Off                ;
; Auto ROM Replacement                                             ; On                 ; On                 ;
; Auto RAM Replacement                                             ; On                 ; On                 ;
; Auto DSP Block Replacement                                       ; On                 ; On                 ;
; Auto Shift Register Replacement                                  ; Auto               ; Auto               ;
; Allow Shift Register Merging across Hierarchies                  ; Auto               ; Auto               ;
; Auto Clock Enable Replacement                                    ; On                 ; On                 ;
; Strict RAM Replacement                                           ; Off                ; Off                ;
; Allow Synchronous Control Signals                                ; On                 ; On                 ;
; Force Use of Synchronous Clear Signals                           ; Off                ; Off                ;
; Auto RAM Block Balancing                                         ; On                 ; On                 ;
; Auto RAM to Logic Cell Conversion                                ; Off                ; Off                ;
; Auto Resource Sharing                                            ; Off                ; Off                ;
; Allow Any RAM Size For Recognition                               ; Off                ; Off                ;
; Allow Any ROM Size For Recognition                               ; Off                ; Off                ;
; Allow Any Shift Register Size For Recognition                    ; Off                ; Off                ;
; Use LogicLock Constraints during Resource Balancing              ; On                 ; On                 ;
; Ignore translate_off and synthesis_off directives                ; Off                ; Off                ;
; Timing-Driven Synthesis                                          ; On                 ; On                 ;
; Report Parameter Settings                                        ; On                 ; On                 ;
; Report Source Assignments                                        ; On                 ; On                 ;
; Report Connectivity Checks                                       ; On                 ; On                 ;
; Ignore Maximum Fan-Out Assignments                               ; Off                ; Off                ;
; Synchronization Register Chain Length                            ; 2                  ; 2                  ;
; Power Optimization During Synthesis                              ; Normal compilation ; Normal compilation ;
; HDL message level                                                ; Level2             ; Level2             ;
; Suppress Register Optimization Related Messages                  ; Off                ; Off                ;
; Number of Removed Registers Reported in Synthesis Report         ; 5000               ; 5000               ;
; Number of Swept Nodes Reported in Synthesis Report               ; 5000               ; 5000               ;
; Number of Inverted Registers Reported in Synthesis Report        ; 100                ; 100                ;
; Clock MUX Protection                                             ; On                 ; On                 ;
; Auto Gated Clock Conversion                                      ; Off                ; Off                ;
; Block Design Naming                                              ; Auto               ; Auto               ;
; SDC constraint protection                                        ; Off                ; Off                ;
; Synthesis Effort                                                 ; Auto               ; Auto               ;
; Shift Register Replacement - Allow Asynchronous Clear Signal     ; On                 ; On                 ;
; Pre-Mapping Resynthesis Optimization                             ; Off                ; Off                ;
; Analysis & Synthesis Message Level                               ; Medium             ; Medium             ;
; Disable Register Merging Across Hierarchies                      ; Auto               ; Auto               ;
; Resource Aware Inference For Block RAM                           ; On                 ; On                 ;
+------------------------------------------------------------------+--------------------+--------------------+


+------------------------------------------+
; Parallel Compilation                     ;
+----------------------------+-------------+
; Processors                 ; Number      ;
+----------------------------+-------------+
; Number detected on machine ; 22          ;
; Maximum allowed            ; 16          ;
;                            ;             ;
; Average used               ; 1.00        ;
; Maximum used               ; 16          ;
;                            ;             ;
; Usage by Processor         ; % Time Used ;
;     Processor 1            ; 100.0%      ;
;     Processor 2            ;   0.0%      ;
;     Processors 3-16        ;   0.0%      ;
+----------------------------+-------------+


+--------------------------------------------------------------------------------------------------------------------------------------------------------------------------+
; Analysis & Synthesis Source Files Read                                                                                                                                   ;
+----------------------------------+-----------------+------------------------------+----------------------------------------------------------------------------+---------+
; File Name with User-Entered Path ; Used in Netlist ; File Type                    ; File Name with Absolute Path                                               ; Library ;
+----------------------------------+-----------------+------------------------------+----------------------------------------------------------------------------+---------+
; coin_catcher_game.v              ; yes             ; Auto-Found Verilog HDL File  ; D:/Verilog_Project/coin_catcher_game/coin_catcher_game.v                   ;         ;
; freq_div.v                       ; yes             ; Auto-Found Verilog HDL File  ; D:/Verilog_Project/coin_catcher_game/freq_div.v                            ;         ;
; debounce.v                       ; yes             ; Auto-Found Verilog HDL File  ; D:/Verilog_Project/coin_catcher_game/debounce.v                            ;         ;
; game_core.v                      ; yes             ; Auto-Found Verilog HDL File  ; D:/Verilog_Project/coin_catcher_game/game_core.v                           ;         ;
; player_ctrl.v                    ; yes             ; Auto-Found Verilog HDL File  ; D:/Verilog_Project/coin_catcher_game/player_ctrl.v                         ;         ;
; coin_generator.v                 ; yes             ; Auto-Found Verilog HDL File  ; D:/Verilog_Project/coin_catcher_game/coin_generator.v                      ;         ;
; score_keeper.v                   ; yes             ; Auto-Found Verilog HDL File  ; D:/Verilog_Project/coin_catcher_game/score_keeper.v                        ;         ;
; game_timer.v                     ; yes             ; Auto-Found Verilog HDL File  ; D:/Verilog_Project/coin_catcher_game/game_timer.v                          ;         ;
; matrix_driver.v                  ; yes             ; Auto-Found Verilog HDL File  ; D:/Verilog_Project/coin_catcher_game/matrix_driver.v                       ;         ;
; seg_decoder.v                    ; yes             ; Auto-Found Verilog HDL File  ; D:/Verilog_Project/coin_catcher_game/seg_decoder.v                         ;         ;
; lpm_divide.tdf                   ; yes             ; Megafunction                 ; c:/intelfpga_lite/18.1/quartus/libraries/megafunctions/lpm_divide.tdf      ;         ;
; abs_divider.inc                  ; yes             ; Megafunction                 ; c:/intelfpga_lite/18.1/quartus/libraries/megafunctions/abs_divider.inc     ;         ;
; sign_div_unsign.inc              ; yes             ; Megafunction                 ; c:/intelfpga_lite/18.1/quartus/libraries/megafunctions/sign_div_unsign.inc ;         ;
; aglobal181.inc                   ; yes             ; Megafunction                 ; c:/intelfpga_lite/18.1/quartus/libraries/megafunctions/aglobal181.inc      ;         ;
; db/lpm_divide_ckl.tdf            ; yes             ; Auto-Generated Megafunction  ; D:/Verilog_Project/coin_catcher_game/db/lpm_divide_ckl.tdf                 ;         ;
; db/sign_div_unsign_bkh.tdf       ; yes             ; Auto-Generated Megafunction  ; D:/Verilog_Project/coin_catcher_game/db/sign_div_unsign_bkh.tdf            ;         ;
; db/alt_u_div_0fe.tdf             ; yes             ; Auto-Generated Megafunction  ; D:/Verilog_Project/coin_catcher_game/db/alt_u_div_0fe.tdf                  ;         ;
; db/add_sub_t3c.tdf               ; yes             ; Auto-Generated Megafunction  ; D:/Verilog_Project/coin_catcher_game/db/add_sub_t3c.tdf                    ;         ;
; db/add_sub_u3c.tdf               ; yes             ; Auto-Generated Megafunction  ; D:/Verilog_Project/coin_catcher_game/db/add_sub_u3c.tdf                    ;         ;
; db/lpm_divide_9sl.tdf            ; yes             ; Auto-Generated Megafunction  ; D:/Verilog_Project/coin_catcher_game/db/lpm_divide_9sl.tdf                 ;         ;
+----------------------------------+-----------------+------------------------------+----------------------------------------------------------------------------+---------+


+-----------------------------------------------------------+
; Analysis & Synthesis Resource Usage Summary               ;
+---------------------------------------------+-------------+
; Resource                                    ; Usage       ;
+---------------------------------------------+-------------+
; Estimated Total logic elements              ; 525         ;
;                                             ;             ;
; Total combinational functions               ; 508         ;
; Logic element usage by number of LUT inputs ;             ;
;     -- 4 input functions                    ; 131         ;
;     -- 3 input functions                    ; 90          ;
;     -- <=2 input functions                  ; 287         ;
;                                             ;             ;
; Logic elements by mode                      ;             ;
;     -- normal mode                          ; 320         ;
;     -- arithmetic mode                      ; 188         ;
;                                             ;             ;
; Total registers                             ; 181         ;
;     -- Dedicated logic registers            ; 181         ;
;     -- I/O registers                        ; 0           ;
;                                             ;             ;
; I/O pins                                    ; 70          ;
;                                             ;             ;
; Embedded Multiplier 9-bit elements          ; 0           ;
;                                             ;             ;
; Maximum fan-out node                        ; reset~input ;
; Maximum fan-out                             ; 171         ;
; Total fan-out                               ; 2113        ;
; Average fan-out                             ; 2.55        ;
+---------------------------------------------+-------------+


+-------------------------------------------------------------------------------------------------------------------------------------------------------------------------------------------------------------------------------------------------------------------------------------------------------------------------------------------------------+
; Analysis & Synthesis Resource Utilization by Entity                                                                                                                                                                                                                                                                                                   ;
+----------------------------------------+---------------------+---------------------------+-------------+------------+--------------+---------+-----------+------+--------------+------------+--------------------------------------------------------------------------------------------------------------------+---------------------+--------------+
; Compilation Hierarchy Node             ; Combinational ALUTs ; Dedicated Logic Registers ; Memory Bits ; UFM Blocks ; DSP Elements ; DSP 9x9 ; DSP 18x18 ; Pins ; Virtual Pins ; ADC blocks ; Full Hierarchy Name                                                                                                ; Entity Name         ; Library Name ;
+----------------------------------------+---------------------+---------------------------+-------------+------------+--------------+---------+-----------+------+--------------+------------+--------------------------------------------------------------------------------------------------------------------+---------------------+--------------+
; |coin_catcher_game                     ; 508 (1)             ; 181 (0)                   ; 0           ; 0          ; 0            ; 0       ; 0         ; 70   ; 0            ; 0          ; |coin_catcher_game                                                                                                 ; coin_catcher_game   ; work         ;
;    |debounce:BtnL|                     ; 1 (1)               ; 5 (5)                     ; 0           ; 0          ; 0            ; 0       ; 0         ; 0    ; 0            ; 0          ; |coin_catcher_game|debounce:BtnL                                                                                   ; debounce            ; work         ;
;    |debounce:BtnR|                     ; 1 (1)               ; 5 (5)                     ; 0           ; 0          ; 0            ; 0       ; 0         ; 0    ; 0            ; 0          ; |coin_catcher_game|debounce:BtnR                                                                                   ; debounce            ; work         ;
;    |freq_div:Clocks|                   ; 128 (128)           ; 99 (99)                   ; 0           ; 0          ; 0            ; 0       ; 0         ; 0    ; 0            ; 0          ; |coin_catcher_game|freq_div:Clocks                                                                                 ; freq_div            ; work         ;
;    |game_core:Game|                    ; 48 (0)              ; 36 (0)                    ; 0           ; 0          ; 0            ; 0       ; 0         ; 0    ; 0            ; 0          ; |coin_catcher_game|game_core:Game                                                                                  ; game_core           ; work         ;
;       |coin_generator:Coin|            ; 16 (16)             ; 24 (24)                   ; 0           ; 0          ; 0            ; 0       ; 0         ; 0    ; 0            ; 0          ; |coin_catcher_game|game_core:Game|coin_generator:Coin                                                              ; coin_generator      ; work         ;
;       |player_ctrl:Player|             ; 5 (5)               ; 3 (3)                     ; 0           ; 0          ; 0            ; 0       ; 0         ; 0    ; 0            ; 0          ; |coin_catcher_game|game_core:Game|player_ctrl:Player                                                               ; player_ctrl         ; work         ;
;       |score_keeper:Score|             ; 27 (27)             ; 9 (9)                     ; 0           ; 0          ; 0            ; 0       ; 0         ; 0    ; 0            ; 0          ; |coin_catcher_game|game_core:Game|score_keeper:Score                                                               ; score_keeper        ; work         ;
;    |game_timer:Timer|                  ; 11 (11)             ; 9 (9)                     ; 0           ; 0          ; 0            ; 0       ; 0         ; 0    ; 0            ; 0          ; |coin_catcher_game|game_timer:Timer                                                                                ; game_timer          ; work         ;
;    |lpm_divide:Div0|                   ; 56 (0)              ; 0 (0)                     ; 0           ; 0          ; 0            ; 0       ; 0         ; 0    ; 0            ; 0          ; |coin_catcher_game|lpm_divide:Div0                                                                                 ; lpm_divide          ; work         ;
;       |lpm_divide_9sl:auto_generated|  ; 56 (0)              ; 0 (0)                     ; 0           ; 0          ; 0            ; 0       ; 0         ; 0    ; 0            ; 0          ; |coin_catcher_game|lpm_divide:Div0|lpm_divide_9sl:auto_generated                                                   ; lpm_divide_9sl      ; work         ;
;          |sign_div_unsign_bkh:divider| ; 56 (0)              ; 0 (0)                     ; 0           ; 0          ; 0            ; 0       ; 0         ; 0    ; 0            ; 0          ; |coin_catcher_game|lpm_divide:Div0|lpm_divide_9sl:auto_generated|sign_div_unsign_bkh:divider                       ; sign_div_unsign_bkh ; work         ;
;             |alt_u_div_0fe:divider|    ; 56 (56)             ; 0 (0)                     ; 0           ; 0          ; 0            ; 0       ; 0         ; 0    ; 0            ; 0          ; |coin_catcher_game|lpm_divide:Div0|lpm_divide_9sl:auto_generated|sign_div_unsign_bkh:divider|alt_u_div_0fe:divider ; alt_u_div_0fe       ; work         ;
;    |lpm_divide:Div1|                   ; 59 (0)              ; 0 (0)                     ; 0           ; 0          ; 0            ; 0       ; 0         ; 0    ; 0            ; 0          ; |coin_catcher_game|lpm_divide:Div1                                                                                 ; lpm_divide          ; work         ;
;       |lpm_divide_9sl:auto_generated|  ; 59 (0)              ; 0 (0)                     ; 0           ; 0          ; 0            ; 0       ; 0         ; 0    ; 0            ; 0          ; |coin_catcher_game|lpm_divide:Div1|lpm_divide_9sl:auto_generated                                                   ; lpm_divide_9sl      ; work         ;
;          |sign_div_unsign_bkh:divider| ; 59 (0)              ; 0 (0)                     ; 0           ; 0          ; 0            ; 0       ; 0         ; 0    ; 0            ; 0          ; |coin_catcher_game|lpm_divide:Div1|lpm_divide_9sl:auto_generated|sign_div_unsign_bkh:divider                       ; sign_div_unsign_bkh ; work         ;
;             |alt_u_div_0fe:divider|    ; 59 (59)             ; 0 (0)                     ; 0           ; 0          ; 0            ; 0       ; 0         ; 0    ; 0            ; 0          ; |coin_catcher_game|lpm_divide:Div1|lpm_divide_9sl:auto_generated|sign_div_unsign_bkh:divider|alt_u_div_0fe:divider ; alt_u_div_0fe       ; work         ;
;    |lpm_divide:Mod0|                   ; 59 (0)              ; 0 (0)                     ; 0           ; 0          ; 0            ; 0       ; 0         ; 0    ; 0            ; 0          ; |coin_catcher_game|lpm_divide:Mod0                                                                                 ; lpm_divide          ; work         ;
;       |lpm_divide_ckl:auto_generated|  ; 59 (0)              ; 0 (0)                     ; 0           ; 0          ; 0            ; 0       ; 0         ; 0    ; 0            ; 0          ; |coin_catcher_game|lpm_divide:Mod0|lpm_divide_ckl:auto_generated                                                   ; lpm_divide_ckl      ; work         ;
;          |sign_div_unsign_bkh:divider| ; 59 (0)              ; 0 (0)                     ; 0           ; 0          ; 0            ; 0       ; 0         ; 0    ; 0            ; 0          ; |coin_catcher_game|lpm_divide:Mod0|lpm_divide_ckl:auto_generated|sign_div_unsign_bkh:divider                       ; sign_div_unsign_bkh ; work         ;
;             |alt_u_div_0fe:divider|    ; 59 (59)             ; 0 (0)                     ; 0           ; 0          ; 0            ; 0       ; 0         ; 0    ; 0            ; 0          ; |coin_catcher_game|lpm_divide:Mod0|lpm_divide_ckl:auto_generated|sign_div_unsign_bkh:divider|alt_u_div_0fe:divider ; alt_u_div_0fe       ; work         ;
;    |lpm_divide:Mod1|                   ; 62 (0)              ; 0 (0)                     ; 0           ; 0          ; 0            ; 0       ; 0         ; 0    ; 0            ; 0          ; |coin_catcher_game|lpm_divide:Mod1                                                                                 ; lpm_divide          ; work         ;
;       |lpm_divide_ckl:auto_generated|  ; 62 (0)              ; 0 (0)                     ; 0           ; 0          ; 0            ; 0       ; 0         ; 0    ; 0            ; 0          ; |coin_catcher_game|lpm_divide:Mod1|lpm_divide_ckl:auto_generated                                                   ; lpm_divide_ckl      ; work         ;
;          |sign_div_unsign_bkh:divider| ; 62 (0)              ; 0 (0)                     ; 0           ; 0          ; 0            ; 0       ; 0         ; 0    ; 0            ; 0          ; |coin_catcher_game|lpm_divide:Mod1|lpm_divide_ckl:auto_generated|sign_div_unsign_bkh:divider                       ; sign_div_unsign_bkh ; work         ;
;             |alt_u_div_0fe:divider|    ; 62 (62)             ; 0 (0)                     ; 0           ; 0          ; 0            ; 0       ; 0         ; 0    ; 0            ; 0          ; |coin_catcher_game|lpm_divide:Mod1|lpm_divide_ckl:auto_generated|sign_div_unsign_bkh:divider|alt_u_div_0fe:divider ; alt_u_div_0fe       ; work         ;
;    |matrix_driver:Matrix|              ; 54 (54)             ; 27 (27)                   ; 0           ; 0          ; 0            ; 0       ; 0         ; 0    ; 0            ; 0          ; |coin_catcher_game|matrix_driver:Matrix                                                                            ; matrix_driver       ; work         ;
;    |seg_decoder:Hex0|                  ; 7 (7)               ; 0 (0)                     ; 0           ; 0          ; 0            ; 0       ; 0         ; 0    ; 0            ; 0          ; |coin_catcher_game|seg_decoder:Hex0                                                                                ; seg_decoder         ; work         ;
;    |seg_decoder:Hex1|                  ; 7 (7)               ; 0 (0)                     ; 0           ; 0          ; 0            ; 0       ; 0         ; 0    ; 0            ; 0          ; |coin_catcher_game|seg_decoder:Hex1                                                                                ; seg_decoder         ; work         ;
;    |seg_decoder:Hex4|                  ; 7 (7)               ; 0 (0)                     ; 0           ; 0          ; 0            ; 0       ; 0         ; 0    ; 0            ; 0          ; |coin_catcher_game|seg_decoder:Hex4                                                                                ; seg_decoder         ; work         ;
;    |seg_decoder:Hex5|                  ; 7 (7)               ; 0 (0)                     ; 0           ; 0          ; 0            ; 0       ; 0         ; 0    ; 0            ; 0          ; |coin_catcher_game|seg_decoder:Hex5                                                                                ; seg_decoder         ; work         ;
+----------------------------------------+---------------------+---------------------------+-------------+------------+--------------+---------+-----------+------+--------------+------------+--------------------------------------------------------------------------------------------------------------------+---------------------+--------------+
Note: For table entries with two numbers listed, the numbers in parentheses indicate the number of resources of the given type used by the specific entity alone. The numbers listed outside of parentheses indicate the total resources of the given type used by the specific entity and all of its sub-entities in the hierarchy.


+------------------------------------------------------+
; General Register Statistics                          ;
+----------------------------------------------+-------+
; Statistic                                    ; Value ;
+----------------------------------------------+-------+
; Total registers                              ; 181   ;
; Number of registers using Synchronous Clear  ; 96    ;
; Number of registers using Synchronous Load   ; 15    ;
; Number of registers using Asynchronous Clear ; 170   ;
; Number of registers using Asynchronous Load  ; 0     ;
; Number of registers using Clock Enable       ; 33    ;
; Number of registers using Preset             ; 0     ;
+----------------------------------------------+-------+


+-------------------------------------------------------------+
; Inverted Register Statistics                                ;
+---------------------------------------------------+---------+
; Inverted Register                                 ; Fan out ;
+---------------------------------------------------+---------+
; game_timer:Timer|seconds[5]                       ; 10      ;
; game_timer:Timer|seconds[4]                       ; 8       ;
; game_timer:Timer|seconds[3]                       ; 8       ;
; game_timer:Timer|seconds[2]                       ; 8       ;
; matrix_driver:Matrix|row_out[0]                   ; 1       ;
; matrix_driver:Matrix|row_out[1]                   ; 1       ;
; matrix_driver:Matrix|row_out[2]                   ; 1       ;
; matrix_driver:Matrix|row_out[3]                   ; 1       ;
; matrix_driver:Matrix|row_out[4]                   ; 1       ;
; matrix_driver:Matrix|row_out[5]                   ; 1       ;
; matrix_driver:Matrix|row_out[6]                   ; 1       ;
; matrix_driver:Matrix|row_out[7]                   ; 1       ;
; game_core:Game|coin_generator:Coin|coin_x_out[2]  ; 3       ;
; game_core:Game|player_ctrl:Player|player_x_out[0] ; 10      ;
; game_core:Game|player_ctrl:Player|player_x_out[1] ; 9       ;
; game_core:Game|coin_generator:Coin|random_val[2]  ; 3       ;
; game_core:Game|coin_generator:Coin|random_val[12] ; 2       ;
; game_core:Game|coin_generator:Coin|random_val[9]  ; 1       ;
; game_core:Game|coin_generator:Coin|random_val[5]  ; 1       ;
; game_core:Game|coin_generator:Coin|random_val[4]  ; 1       ;
; Total number of inverted registers = 20           ;         ;
+---------------------------------------------------+---------+


+---------------------------------------------------------------------------------------------------------------------------------------------------------------------------------+
; Multiplexer Restructuring Statistics (Restructuring Performed)                                                                                                                  ;
+--------------------+-----------+---------------+----------------------+------------------------+------------+-------------------------------------------------------------------+
; Multiplexer Inputs ; Bus Width ; Baseline Area ; Area if Restructured ; Saving if Restructured ; Registered ; Example Multiplexer Output                                        ;
+--------------------+-----------+---------------+----------------------+------------------------+------------+-------------------------------------------------------------------+
; 3:1                ; 7 bits    ; 14 LEs        ; 7 LEs                ; 7 LEs                  ; Yes        ; |coin_catcher_game|game_core:Game|score_keeper:Score|score_out[7] ;
+--------------------+-----------+---------------+----------------------+------------------------+------------+-------------------------------------------------------------------+


+------------------------------------------------------------------+
; Parameter Settings for Inferred Entity Instance: lpm_divide:Mod0 ;
+------------------------+----------------+------------------------+
; Parameter Name         ; Value          ; Type                   ;
+------------------------+----------------+------------------------+
; LPM_WIDTHN             ; 8              ; Untyped                ;
; LPM_WIDTHD             ; 4              ; Untyped                ;
; LPM_NREPRESENTATION    ; UNSIGNED       ; Untyped                ;
; LPM_DREPRESENTATION    ; UNSIGNED       ; Untyped                ;
; LPM_PIPELINE           ; 0              ; Untyped                ;
; LPM_REMAINDERPOSITIVE  ; TRUE           ; Untyped                ;
; MAXIMIZE_SPEED         ; 5              ; Untyped                ;
; CBXI_PARAMETER         ; lpm_divide_ckl ; Untyped                ;
; CARRY_CHAIN            ; MANUAL         ; Untyped                ;
; OPTIMIZE_FOR_SPEED     ; 5              ; Untyped                ;
; AUTO_CARRY_CHAINS      ; ON             ; AUTO_CARRY             ;
; IGNORE_CARRY_BUFFERS   ; OFF            ; IGNORE_CARRY           ;
; AUTO_CASCADE_CHAINS    ; ON             ; AUTO_CASCADE           ;
; IGNORE_CASCADE_BUFFERS ; OFF            ; IGNORE_CASCADE         ;
+------------------------+----------------+------------------------+
Note: In order to hide this table in the UI and the text report file, please set the "Show Parameter Settings in Synthesis Report" option in "Analysis and Synthesis Settings -> More Settings" to "Off".


+------------------------------------------------------------------+
; Parameter Settings for Inferred Entity Instance: lpm_divide:Div0 ;
+------------------------+----------------+------------------------+
; Parameter Name         ; Value          ; Type                   ;
+------------------------+----------------+------------------------+
; LPM_WIDTHN             ; 8              ; Untyped                ;
; LPM_WIDTHD             ; 4              ; Untyped                ;
; LPM_NREPRESENTATION    ; UNSIGNED       ; Untyped                ;
; LPM_DREPRESENTATION    ; UNSIGNED       ; Untyped                ;
; LPM_PIPELINE           ; 0              ; Untyped                ;
; LPM_REMAINDERPOSITIVE  ; TRUE           ; Untyped                ;
; MAXIMIZE_SPEED         ; 5              ; Untyped                ;
; CBXI_PARAMETER         ; lpm_divide_9sl ; Untyped                ;
; CARRY_CHAIN            ; MANUAL         ; Untyped                ;
; OPTIMIZE_FOR_SPEED     ; 5              ; Untyped                ;
; AUTO_CARRY_CHAINS      ; ON             ; AUTO_CARRY             ;
; IGNORE_CARRY_BUFFERS   ; OFF            ; IGNORE_CARRY           ;
; AUTO_CASCADE_CHAINS    ; ON             ; AUTO_CASCADE           ;
; IGNORE_CASCADE_BUFFERS ; OFF            ; IGNORE_CASCADE         ;
+------------------------+----------------+------------------------+
Note: In order to hide this table in the UI and the text report file, please set the "Show Parameter Settings in Synthesis Report" option in "Analysis and Synthesis Settings -> More Settings" to "Off".


+------------------------------------------------------------------+
; Parameter Settings for Inferred Entity Instance: lpm_divide:Mod1 ;
+------------------------+----------------+------------------------+
; Parameter Name         ; Value          ; Type                   ;
+------------------------+----------------+------------------------+
; LPM_WIDTHN             ; 8              ; Untyped                ;
; LPM_WIDTHD             ; 4              ; Untyped                ;
; LPM_NREPRESENTATION    ; UNSIGNED       ; Untyped                ;
; LPM_DREPRESENTATION    ; UNSIGNED       ; Untyped                ;
; LPM_PIPELINE           ; 0              ; Untyped                ;
; LPM_REMAINDERPOSITIVE  ; TRUE           ; Untyped                ;
; MAXIMIZE_SPEED         ; 5              ; Untyped                ;
; CBXI_PARAMETER         ; lpm_divide_ckl ; Untyped                ;
; CARRY_CHAIN            ; MANUAL         ; Untyped                ;
; OPTIMIZE_FOR_SPEED     ; 5              ; Untyped                ;
; AUTO_CARRY_CHAINS      ; ON             ; AUTO_CARRY             ;
; IGNORE_CARRY_BUFFERS   ; OFF            ; IGNORE_CARRY           ;
; AUTO_CASCADE_CHAINS    ; ON             ; AUTO_CASCADE           ;
; IGNORE_CASCADE_BUFFERS ; OFF            ; IGNORE_CASCADE         ;
+------------------------+----------------+------------------------+
Note: In order to hide this table in the UI and the text report file, please set the "Show Parameter Settings in Synthesis Report" option in "Analysis and Synthesis Settings -> More Settings" to "Off".


+------------------------------------------------------------------+
; Parameter Settings for Inferred Entity Instance: lpm_divide:Div1 ;
+------------------------+----------------+------------------------+
; Parameter Name         ; Value          ; Type                   ;
+------------------------+----------------+------------------------+
; LPM_WIDTHN             ; 8              ; Untyped                ;
; LPM_WIDTHD             ; 4              ; Untyped                ;
; LPM_NREPRESENTATION    ; UNSIGNED       ; Untyped                ;
; LPM_DREPRESENTATION    ; UNSIGNED       ; Untyped                ;
; LPM_PIPELINE           ; 0              ; Untyped                ;
; LPM_REMAINDERPOSITIVE  ; TRUE           ; Untyped                ;
; MAXIMIZE_SPEED         ; 5              ; Untyped                ;
; CBXI_PARAMETER         ; lpm_divide_9sl ; Untyped                ;
; CARRY_CHAIN            ; MANUAL         ; Untyped                ;
; OPTIMIZE_FOR_SPEED     ; 5              ; Untyped                ;
; AUTO_CARRY_CHAINS      ; ON             ; AUTO_CARRY             ;
; IGNORE_CARRY_BUFFERS   ; OFF            ; IGNORE_CARRY           ;
; AUTO_CASCADE_CHAINS    ; ON             ; AUTO_CASCADE           ;
; IGNORE_CASCADE_BUFFERS ; OFF            ; IGNORE_CASCADE         ;
+------------------------+----------------+------------------------+
Note: In order to hide this table in the UI and the text report file, please set the "Show Parameter Settings in Synthesis Report" option in "Analysis and Synthesis Settings -> More Settings" to "Off".


+--------------------------------------------------------------------------------------------------------------------------------------------------------------------------------------------------------------+
; Port Connectivity Checks: "seg_decoder:Hex5"                                                                                                                                                                 ;
+------+-------+----------+------------------------------------------------------------------------------------------------------------------------------------------------------------------------------------+
; Port ; Type  ; Severity ; Details                                                                                                                                                                            ;
+------+-------+----------+------------------------------------------------------------------------------------------------------------------------------------------------------------------------------------+
; in   ; Input ; Warning  ; Input port expression (32 bits) is wider than the input port (4 bits) it drives.  The 28 most-significant bit(s) in the expression will be dangling if they have no other fanouts. ;
+------+-------+----------+------------------------------------------------------------------------------------------------------------------------------------------------------------------------------------+


+--------------------------------------------------------------------------------------------------------------------------------------------------------------------------------------------------------------+
; Port Connectivity Checks: "seg_decoder:Hex4"                                                                                                                                                                 ;
+------+-------+----------+------------------------------------------------------------------------------------------------------------------------------------------------------------------------------------+
; Port ; Type  ; Severity ; Details                                                                                                                                                                            ;
+------+-------+----------+------------------------------------------------------------------------------------------------------------------------------------------------------------------------------------+
; in   ; Input ; Warning  ; Input port expression (32 bits) is wider than the input port (4 bits) it drives.  The 28 most-significant bit(s) in the expression will be dangling if they have no other fanouts. ;
+------+-------+----------+------------------------------------------------------------------------------------------------------------------------------------------------------------------------------------+


+--------------------------------------------------------------------------------------------------------------------------------------------------------------------------------------------------------------+
; Port Connectivity Checks: "seg_decoder:Hex1"                                                                                                                                                                 ;
+------+-------+----------+------------------------------------------------------------------------------------------------------------------------------------------------------------------------------------+
; Port ; Type  ; Severity ; Details                                                                                                                                                                            ;
+------+-------+----------+------------------------------------------------------------------------------------------------------------------------------------------------------------------------------------+
; in   ; Input ; Warning  ; Input port expression (32 bits) is wider than the input port (4 bits) it drives.  The 28 most-significant bit(s) in the expression will be dangling if they have no other fanouts. ;
+------+-------+----------+------------------------------------------------------------------------------------------------------------------------------------------------------------------------------------+


+--------------------------------------------------------------------------------------------------------------------------------------------------------------------------------------------------------------+
; Port Connectivity Checks: "seg_decoder:Hex0"                                                                                                                                                                 ;
+------+-------+----------+------------------------------------------------------------------------------------------------------------------------------------------------------------------------------------+
; Port ; Type  ; Severity ; Details                                                                                                                                                                            ;
+------+-------+----------+------------------------------------------------------------------------------------------------------------------------------------------------------------------------------------+
; in   ; Input ; Warning  ; Input port expression (32 bits) is wider than the input port (4 bits) it drives.  The 28 most-significant bit(s) in the expression will be dangling if they have no other fanouts. ;
+------+-------+----------+------------------------------------------------------------------------------------------------------------------------------------------------------------------------------------+


+-----------------------------------------------------+
; Post-Synthesis Netlist Statistics for Top Partition ;
+-----------------------+-----------------------------+
; Type                  ; Count                       ;
+-----------------------+-----------------------------+
; boundary_port         ; 70                          ;
; cycloneiii_ff         ; 181                         ;
;     CLR               ; 33                          ;
;     CLR SCLR          ; 96                          ;
;     CLR SLD           ; 8                           ;
;     ENA CLR           ; 26                          ;
;     ENA CLR SLD       ; 7                           ;
;     plain             ; 11                          ;
; cycloneiii_lcell_comb ; 521                         ;
;     arith             ; 188                         ;
;         2 data inputs ; 123                         ;
;         3 data inputs ; 65                          ;
;     normal            ; 333                         ;
;         0 data inputs ; 22                          ;
;         1 data inputs ; 34                          ;
;         2 data inputs ; 121                         ;
;         3 data inputs ; 25                          ;
;         4 data inputs ; 131                         ;
;                       ;                             ;
; Max LUT depth         ; 13.90                       ;
; Average LUT depth     ; 6.70                        ;
+-----------------------+-----------------------------+


+-------------------------------+
; Elapsed Time Per Partition    ;
+----------------+--------------+
; Partition Name ; Elapsed Time ;
+----------------+--------------+
; Top            ; 00:00:00     ;
+----------------+--------------+


+-------------------------------+
; Analysis & Synthesis Messages ;
+-------------------------------+
Info: *******************************************************************
Info: Running Quartus Prime Analysis & Synthesis
    Info: Version 18.1.0 Build 625 09/12/2018 SJ Lite Edition
    Info: Processing started: Sat Jan 03 15:35:08 2026
Info: Command: quartus_map --read_settings_files=on --write_settings_files=off coin_catcher_game -c coin_catcher_game
Warning (18236): Number of processors has not been specified which may cause overloading on shared machines.  Set the global assignment NUM_PARALLEL_PROCESSORS in your QSF to an appropriate value for best performance.
Info (20030): Parallel compilation is enabled and will use 16 of the 16 processors detected
Warning (12125): Using design file coin_catcher_game.v, which is not specified as a design file for the current project, but contains definitions for 1 design units and 1 entities in project
    Info (12023): Found entity 1: coin_catcher_game File: D:/Verilog_Project/coin_catcher_game/coin_catcher_game.v Line: 1
Info (12127): Elaborating entity "coin_catcher_game" for the top level hierarchy
Warning (12125): Using design file freq_div.v, which is not specified as a design file for the current project, but contains definitions for 1 design units and 1 entities in project
    Info (12023): Found entity 1: freq_div File: D:/Verilog_Project/coin_catcher_game/freq_div.v Line: 4
Info (12128): Elaborating entity "freq_div" for hierarchy "freq_div:Clocks" File: D:/Verilog_Project/coin_catcher_game/coin_catcher_game.v Line: 35
Warning (12125): Using design file debounce.v, which is not specified as a design file for the current project, but contains definitions for 1 design units and 1 entities in project
    Info (12023): Found entity 1: debounce File: D:/Verilog_Project/coin_catcher_game/debounce.v Line: 1
Info (12128): Elaborating entity "debounce" for hierarchy "debounce:BtnL" File: D:/Verilog_Project/coin_catcher_game/coin_catcher_game.v Line: 38
Warning (12125): Using design file game_core.v, which is not specified as a design file for the current project, but contains definitions for 1 design units and 1 entities in project
    Info (12023): Found entity 1: game_core File: D:/Verilog_Project/coin_catcher_game/game_core.v Line: 1
Info (12128): Elaborating entity "game_core" for hierarchy "game_core:Game" File: D:/Verilog_Project/coin_catcher_game/coin_catcher_game.v Line: 53
Warning (12125): Using design file player_ctrl.v, which is not specified as a design file for the current project, but contains definitions for 1 design units and 1 entities in project
    Info (12023): Found entity 1: player_ctrl File: D:/Verilog_Project/coin_catcher_game/player_ctrl.v Line: 1
Info (12128): Elaborating entity "player_ctrl" for hierarchy "game_core:Game|player_ctrl:Player" File: D:/Verilog_Project/coin_catcher_game/game_core.v Line: 26
Info (10264): Verilog HDL Case Statement information at player_ctrl.v(14): all case item expressions in this case statement are onehot File: D:/Verilog_Project/coin_catcher_game/player_ctrl.v Line: 14
Warning (12125): Using design file coin_generator.v, which is not specified as a design file for the current project, but contains definitions for 1 design units and 1 entities in project
    Info (12023): Found entity 1: coin_generator File: D:/Verilog_Project/coin_catcher_game/coin_generator.v Line: 1
Info (12128): Elaborating entity "coin_generator" for hierarchy "game_core:Game|coin_generator:Coin" File: D:/Verilog_Project/coin_catcher_game/game_core.v Line: 33
Warning (10230): Verilog HDL assignment warning at coin_generator.v(48): truncated value with size 32 to match size of target (4) File: D:/Verilog_Project/coin_catcher_game/coin_generator.v Line: 48
Warning (12125): Using design file score_keeper.v, which is not specified as a design file for the current project, but contains definitions for 1 design units and 1 entities in project
    Info (12023): Found entity 1: score_keeper File: D:/Verilog_Project/coin_catcher_game/score_keeper.v Line: 1
Info (12128): Elaborating entity "score_keeper" for hierarchy "game_core:Game|score_keeper:Score" File: D:/Verilog_Project/coin_catcher_game/game_core.v Line: 41
Warning (10230): Verilog HDL assignment warning at score_keeper.v(42): truncated value with size 32 to match size of target (8) File: D:/Verilog_Project/coin_catcher_game/score_keeper.v Line: 42
Warning (10230): Verilog HDL assignment warning at score_keeper.v(53): truncated value with size 32 to match size of target (8) File: D:/Verilog_Project/coin_catcher_game/score_keeper.v Line: 53
Warning (12125): Using design file game_timer.v, which is not specified as a design file for the current project, but contains definitions for 1 design units and 1 entities in project
    Info (12023): Found entity 1: game_timer File: D:/Verilog_Project/coin_catcher_game/game_timer.v Line: 1
Info (12128): Elaborating entity "game_timer" for hierarchy "game_timer:Timer" File: D:/Verilog_Project/coin_catcher_game/coin_catcher_game.v Line: 61
Warning (12125): Using design file matrix_driver.v, which is not specified as a design file for the current project, but contains definitions for 1 design units and 1 entities in project
    Info (12023): Found entity 1: matrix_driver File: D:/Verilog_Project/coin_catcher_game/matrix_driver.v Line: 1
Info (12128): Elaborating entity "matrix_driver" for hierarchy "matrix_driver:Matrix" File: D:/Verilog_Project/coin_catcher_game/coin_catcher_game.v Line: 73
Warning (10230): Verilog HDL assignment warning at matrix_driver.v(22): truncated value with size 32 to match size of target (3) File: D:/Verilog_Project/coin_catcher_game/matrix_driver.v Line: 22
Warning (12125): Using design file seg_decoder.v, which is not specified as a design file for the current project, but contains definitions for 1 design units and 1 entities in project
    Info (12023): Found entity 1: seg_decoder File: D:/Verilog_Project/coin_catcher_game/seg_decoder.v Line: 1
Info (12128): Elaborating entity "seg_decoder" for hierarchy "seg_decoder:Hex0" File: D:/Verilog_Project/coin_catcher_game/coin_catcher_game.v Line: 78
Info (278001): Inferred 4 megafunctions from design logic
    Info (278004): Inferred divider/modulo megafunction ("lpm_divide") from the following logic: "Mod0" File: D:/Verilog_Project/coin_catcher_game/coin_catcher_game.v Line: 78
    Info (278004): Inferred divider/modulo megafunction ("lpm_divide") from the following logic: "Div0" File: D:/Verilog_Project/coin_catcher_game/coin_catcher_game.v Line: 79
    Info (278004): Inferred divider/modulo megafunction ("lpm_divide") from the following logic: "Mod1" File: D:/Verilog_Project/coin_catcher_game/coin_catcher_game.v Line: 82
    Info (278004): Inferred divider/modulo megafunction ("lpm_divide") from the following logic: "Div1" File: D:/Verilog_Project/coin_catcher_game/coin_catcher_game.v Line: 83
Info (12130): Elaborated megafunction instantiation "lpm_divide:Mod0" File: D:/Verilog_Project/coin_catcher_game/coin_catcher_game.v Line: 78
Info (12133): Instantiated megafunction "lpm_divide:Mod0" with the following parameter: File: D:/Verilog_Project/coin_catcher_game/coin_catcher_game.v Line: 78
    Info (12134): Parameter "LPM_WIDTHN" = "8"
    Info (12134): Parameter "LPM_WIDTHD" = "4"
    Info (12134): Parameter "LPM_NREPRESENTATION" = "UNSIGNED"
    Info (12134): Parameter "LPM_DREPRESENTATION" = "UNSIGNED"
Info (12021): Found 1 design units, including 1 entities, in source file db/lpm_divide_ckl.tdf
    Info (12023): Found entity 1: lpm_divide_ckl File: D:/Verilog_Project/coin_catcher_game/db/lpm_divide_ckl.tdf Line: 24
Info (12021): Found 1 design units, including 1 entities, in source file db/sign_div_unsign_bkh.tdf
    Info (12023): Found entity 1: sign_div_unsign_bkh File: D:/Verilog_Project/coin_catcher_game/db/sign_div_unsign_bkh.tdf Line: 24
Info (12021): Found 1 design units, including 1 entities, in source file db/alt_u_div_0fe.tdf
    Info (12023): Found entity 1: alt_u_div_0fe File: D:/Verilog_Project/coin_catcher_game/db/alt_u_div_0fe.tdf Line: 26
Info (12021): Found 1 design units, including 1 entities, in source file db/add_sub_t3c.tdf
    Info (12023): Found entity 1: add_sub_t3c File: D:/Verilog_Project/coin_catcher_game/db/add_sub_t3c.tdf Line: 22
Info (12021): Found 1 design units, including 1 entities, in source file db/add_sub_u3c.tdf
    Info (12023): Found entity 1: add_sub_u3c File: D:/Verilog_Project/coin_catcher_game/db/add_sub_u3c.tdf Line: 22
Info (12130): Elaborated megafunction instantiation "lpm_divide:Div0" File: D:/Verilog_Project/coin_catcher_game/coin_catcher_game.v Line: 79
Info (12133): Instantiated megafunction "lpm_divide:Div0" with the following parameter: File: D:/Verilog_Project/coin_catcher_game/coin_catcher_game.v Line: 79
    Info (12134): Parameter "LPM_WIDTHN" = "8"
    Info (12134): Parameter "LPM_WIDTHD" = "4"
    Info (12134): Parameter "LPM_NREPRESENTATION" = "UNSIGNED"
    Info (12134): Parameter "LPM_DREPRESENTATION" = "UNSIGNED"
Info (12021): Found 1 design units, including 1 entities, in source file db/lpm_divide_9sl.tdf
    Info (12023): Found entity 1: lpm_divide_9sl File: D:/Verilog_Project/coin_catcher_game/db/lpm_divide_9sl.tdf Line: 24
Warning (12241): 4 hierarchies have connectivity warnings - see the Connectivity Checks report folder
Info (13000): Registers with preset signals will power-up high File: D:/Verilog_Project/coin_catcher_game/matrix_driver.v Line: 22
Info (13003): DEV_CLRn pin will set, and not reset, register with preset signal due to NOT Gate Push-Back
Warning (13024): Output pins are stuck at VCC or GND
    Warning (13410): Pin "HEX_2[0]" is stuck at VCC File: D:/Verilog_Project/coin_catcher_game/coin_catcher_game.v Line: 12
    Warning (13410): Pin "HEX_2[1]" is stuck at VCC File: D:/Verilog_Project/coin_catcher_game/coin_catcher_game.v Line: 12
    Warning (13410): Pin "HEX_2[2]" is stuck at VCC File: D:/Verilog_Project/coin_catcher_game/coin_catcher_game.v Line: 12
    Warning (13410): Pin "HEX_2[3]" is stuck at VCC File: D:/Verilog_Project/coin_catcher_game/coin_catcher_game.v Line: 12
    Warning (13410): Pin "HEX_2[4]" is stuck at VCC File: D:/Verilog_Project/coin_catcher_game/coin_catcher_game.v Line: 12
    Warning (13410): Pin "HEX_2[5]" is stuck at VCC File: D:/Verilog_Project/coin_catcher_game/coin_catcher_game.v Line: 12
    Warning (13410): Pin "HEX_2[6]" is stuck at VCC File: D:/Verilog_Project/coin_catcher_game/coin_catcher_game.v Line: 12
    Warning (13410): Pin "HEX_3[0]" is stuck at VCC File: D:/Verilog_Project/coin_catcher_game/coin_catcher_game.v Line: 12
    Warning (13410): Pin "HEX_3[1]" is stuck at VCC File: D:/Verilog_Project/coin_catcher_game/coin_catcher_game.v Line: 12
    Warning (13410): Pin "HEX_3[2]" is stuck at VCC File: D:/Verilog_Project/coin_catcher_game/coin_catcher_game.v Line: 12
    Warning (13410): Pin "HEX_3[3]" is stuck at VCC File: D:/Verilog_Project/coin_catcher_game/coin_catcher_game.v Line: 12
    Warning (13410): Pin "HEX_3[4]" is stuck at VCC File: D:/Verilog_Project/coin_catcher_game/coin_catcher_game.v Line: 12
    Warning (13410): Pin "HEX_3[5]" is stuck at VCC File: D:/Verilog_Project/coin_catcher_game/coin_catcher_game.v Line: 12
    Warning (13410): Pin "HEX_3[6]" is stuck at VCC File: D:/Verilog_Project/coin_catcher_game/coin_catcher_game.v Line: 12
Info (286030): Timing-Driven Synthesis is running
Info (17016): Found the following redundant logic cells in design
    Info (17048): Logic cell "lpm_divide:Mod1|lpm_divide_ckl:auto_generated|sign_div_unsign_bkh:divider|alt_u_div_0fe:divider|add_sub_3_result_int[0]~8" File: D:/Verilog_Project/coin_catcher_game/db/alt_u_div_0fe.tdf Line: 41
    Info (17048): Logic cell "lpm_divide:Mod1|lpm_divide_ckl:auto_generated|sign_div_unsign_bkh:divider|alt_u_div_0fe:divider|add_sub_4_result_int[0]~10" File: D:/Verilog_Project/coin_catcher_game/db/alt_u_div_0fe.tdf Line: 46
    Info (17048): Logic cell "lpm_divide:Mod1|lpm_divide_ckl:auto_generated|sign_div_unsign_bkh:divider|alt_u_div_0fe:divider|add_sub_5_result_int[0]~10" File: D:/Verilog_Project/coin_catcher_game/db/alt_u_div_0fe.tdf Line: 51
    Info (17048): Logic cell "lpm_divide:Div1|lpm_divide_9sl:auto_generated|sign_div_unsign_bkh:divider|alt_u_div_0fe:divider|add_sub_3_result_int[0]~8" File: D:/Verilog_Project/coin_catcher_game/db/alt_u_div_0fe.tdf Line: 41
    Info (17048): Logic cell "lpm_divide:Div1|lpm_divide_9sl:auto_generated|sign_div_unsign_bkh:divider|alt_u_div_0fe:divider|add_sub_4_result_int[0]~10" File: D:/Verilog_Project/coin_catcher_game/db/alt_u_div_0fe.tdf Line: 46
    Info (17048): Logic cell "lpm_divide:Div1|lpm_divide_9sl:auto_generated|sign_div_unsign_bkh:divider|alt_u_div_0fe:divider|add_sub_5_result_int[0]~10" File: D:/Verilog_Project/coin_catcher_game/db/alt_u_div_0fe.tdf Line: 51
Info (144001): Generated suppressed messages file D:/Verilog_Project/coin_catcher_game/output_files/coin_catcher_game.map.smsg
Info (16010): Generating hard_block partition "hard_block:auto_generated_inst"
    Info (16011): Adding 0 node(s), including 0 DDIO, 0 PLL, 0 transceiver and 0 LCELL
Info (21057): Implemented 596 device resources after synthesis - the final resource count might be different
    Info (21058): Implemented 4 input pins
    Info (21059): Implemented 66 output pins
    Info (21061): Implemented 526 logic cells
Info: Quartus Prime Analysis & Synthesis was successful. 0 errors, 31 warnings
    Info: Peak virtual memory: 4870 megabytes
    Info: Processing ended: Sat Jan 03 15:35:17 2026
    Info: Elapsed time: 00:00:09
    Info: Total CPU time (on all processors): 00:00:15


+------------------------------------------+
; Analysis & Synthesis Suppressed Messages ;
+------------------------------------------+
The suppressed messages can be found in D:/Verilog_Project/coin_catcher_game/output_files/coin_catcher_game.map.smsg.


